
2024/11/23 (00:03:17) | ===> btop++ v.1.4.0
2024/11/23 (00:03:17) | WARNING: NVML: Failed to get maximum GPU power draw, defaulting to 225W: Not Supported
2024/11/23 (00:03:17) | WARNING: NVML: Failed to get GPU power usage: Not Supported
2024/11/23 (00:03:17) | WARNING: Intel GPU: Failed to initialize PMU

2024/11/24 (15:24:24) | ===> btop++ v.1.4.0
2024/11/24 (15:24:24) | WARNING: NVML: Failed to get maximum GPU power draw, defaulting to 225W: Not Supported
2024/11/24 (15:24:24) | WARNING: NVML: Failed to get GPU power usage: Not Supported
2024/11/24 (15:24:24) | WARNING: Intel GPU: Failed to initialize PMU

2024/11/24 (18:31:00) | ===> btop++ v.1.4.0
2024/11/24 (18:31:00) | WARNING: NVML: Failed to get maximum GPU power draw, defaulting to 225W: Not Supported
2024/11/24 (18:31:00) | WARNING: NVML: Failed to get GPU power usage: Not Supported
2024/11/24 (18:31:00) | WARNING: Intel GPU: Failed to initialize PMU
2024/11/24 (18:31:06) | ERROR: Couldn't determine terminal size of "STDOUT_FILENO"!
2024/11/24 (18:31:06) | ERROR: Couldn't determine terminal size of "/dev/tty"!

2024/11/25 (00:28:44) | ===> btop++ v.1.4.0
2024/11/25 (00:28:44) | WARNING: NVML: Failed to get maximum GPU power draw, defaulting to 225W: Not Supported
2024/11/25 (00:28:44) | WARNING: NVML: Failed to get GPU power usage: Not Supported
2024/11/25 (00:28:44) | WARNING: Intel GPU: Failed to initialize PMU

2024/11/25 (00:31:42) | ===> btop++ v.1.4.0
2024/11/25 (00:31:42) | WARNING: NVML: Failed to get maximum GPU power draw, defaulting to 225W: Not Supported
2024/11/25 (00:31:42) | WARNING: NVML: Failed to get GPU power usage: Not Supported
2024/11/25 (00:31:42) | WARNING: Intel GPU: Failed to initialize PMU

2024/11/25 (00:36:40) | ===> btop++ v.1.4.0
2024/11/25 (00:36:40) | WARNING: NVML: Failed to get maximum GPU power draw, defaulting to 225W: Not Supported
2024/11/25 (00:36:40) | WARNING: NVML: Failed to get GPU power usage: Not Supported
2024/11/25 (00:36:40) | WARNING: Intel GPU: Failed to initialize PMU
2024/11/25 (00:36:44) | ERROR: Couldn't determine terminal size of "STDOUT_FILENO"!
2024/11/25 (00:36:44) | ERROR: Couldn't determine terminal size of "/dev/tty"!

2024/11/27 (00:58:29) | ===> btop++ v.1.4.0
2024/11/27 (00:58:29) | WARNING: NVML: Failed to get maximum GPU power draw, defaulting to 225W: Not Supported
2024/11/27 (00:58:29) | WARNING: NVML: Failed to get GPU power usage: Not Supported
2024/11/27 (00:58:29) | WARNING: Intel GPU: Failed to initialize PMU

2024/11/27 (01:00:50) | ===> btop++ v.1.4.0
2024/11/27 (01:00:50) | WARNING: NVML: Failed to get maximum GPU power draw, defaulting to 225W: Not Supported
2024/11/27 (01:00:50) | WARNING: NVML: Failed to get GPU power usage: Not Supported
2024/11/27 (01:00:50) | WARNING: Intel GPU: Failed to initialize PMU

2024/11/27 (13:01:04) | ===> btop++ v.1.4.0
2024/11/27 (13:01:04) | WARNING: NVML: Failed to get maximum GPU power draw, defaulting to 225W: Not Supported
2024/11/27 (13:01:04) | WARNING: NVML: Failed to get GPU power usage: Not Supported
2024/11/27 (13:01:04) | WARNING: Intel GPU: Failed to initialize PMU

2024/11/27 (23:36:47) | ===> btop++ v.1.4.0
2024/11/27 (23:36:47) | WARNING: NVML: Failed to get maximum GPU power draw, defaulting to 225W: Not Supported
2024/11/27 (23:36:47) | WARNING: NVML: Failed to get GPU power usage: Not Supported
2024/11/27 (23:36:47) | WARNING: Intel GPU: Failed to initialize PMU

2024/11/27 (23:59:21) | ===> btop++ v.1.4.0
2024/11/27 (23:59:21) | WARNING: NVML: Failed to get maximum GPU power draw, defaulting to 225W: Not Supported
2024/11/27 (23:59:21) | WARNING: NVML: Failed to get GPU power usage: Not Supported
2024/11/27 (23:59:22) | WARNING: Intel GPU: Failed to initialize PMU

2024/11/27 (23:59:58) | ===> btop++ v.1.4.0
2024/11/27 (23:59:58) | WARNING: NVML: Failed to get maximum GPU power draw, defaulting to 225W: Not Supported
2024/11/27 (23:59:58) | WARNING: NVML: Failed to get GPU power usage: Not Supported
2024/11/27 (23:59:59) | WARNING: Intel GPU: Failed to initialize PMU

2024/11/28 (00:01:19) | ===> btop++ v.1.4.0
2024/11/28 (00:01:19) | WARNING: NVML: Failed to get maximum GPU power draw, defaulting to 225W: Not Supported
2024/11/28 (00:01:19) | WARNING: NVML: Failed to get GPU power usage: Not Supported
2024/11/28 (00:01:19) | WARNING: Intel GPU: Failed to initialize PMU

2024/11/28 (00:23:31) | ===> btop++ v.1.4.0
2024/11/28 (00:23:31) | WARNING: NVML: Failed to get maximum GPU power draw, defaulting to 225W: Not Supported
2024/11/28 (00:23:31) | WARNING: NVML: Failed to get GPU power usage: Not Supported
2024/11/28 (00:23:31) | WARNING: Intel GPU: Failed to initialize PMU

2024/11/28 (01:20:40) | ===> btop++ v.1.4.0
2024/11/28 (01:20:40) | WARNING: NVML: Failed to get maximum GPU power draw, defaulting to 225W: Not Supported
2024/11/28 (01:20:40) | WARNING: NVML: Failed to get GPU power usage: Not Supported
2024/11/28 (01:20:40) | WARNING: Intel GPU: Failed to initialize PMU

2024/11/28 (01:22:39) | ===> btop++ v.1.4.0
2024/11/28 (01:22:39) | WARNING: NVML: Failed to get maximum GPU power draw, defaulting to 225W: Not Supported
2024/11/28 (01:22:39) | WARNING: NVML: Failed to get GPU power usage: Not Supported
2024/11/28 (01:22:39) | WARNING: Intel GPU: Failed to initialize PMU
